<?xml version="1.0" encoding="UTF-8"?>
<testsuite name="com.jojoldu.book.springboot.web.HelloControllerTest" tests="2" skipped="0" failures="0" errors="0" timestamp="2022-01-05T16:23:41" hostname="DESKTOP-J53CL1C" time="0.318">
  <properties/>
  <testcase name="hello가_리턴된다" classname="com.jojoldu.book.springboot.web.HelloControllerTest" time="0.169"/>
  <testcase name="helloDto가_리턴된다" classname="com.jojoldu.book.springboot.web.HelloControllerTest" time="0.148"/>
  <system-out><![CDATA[2022-01-06 01:23:39.205  INFO 55176 --- [    Test worker] .b.t.a.w.s.WebMvcTestContextBootstrapper : Neither @ContextConfiguration nor @ContextHierarchy found for test class [com.jojoldu.book.springboot.web.HelloControllerTest], using SpringBootContextLoader
2022-01-06 01:23:39.206  INFO 55176 --- [    Test worker] o.s.t.c.support.AbstractContextLoader    : Could not detect default resource locations for test class [com.jojoldu.book.springboot.web.HelloControllerTest]: no resource found for suffixes {-context.xml, Context.groovy}.
2022-01-06 01:23:39.207  INFO 55176 --- [    Test worker] t.c.s.AnnotationConfigContextLoaderUtils : Could not detect default configuration classes for test class [com.jojoldu.book.springboot.web.HelloControllerTest]: HelloControllerTest does not declare any static, non-private, non-final, nested classes annotated with @Configuration.
2022-01-06 01:23:39.309  INFO 55176 --- [    Test worker] .b.t.c.SpringBootTestContextBootstrapper : Found @SpringBootConfiguration com.jojoldu.book.springboot.Application for test class com.jojoldu.book.springboot.web.HelloControllerTest
2022-01-06 01:23:39.316  INFO 55176 --- [    Test worker] .b.t.a.w.s.WebMvcTestContextBootstrapper : Loaded default TestExecutionListener class names from location [META-INF/spring.factories]: [org.springframework.security.test.context.support.WithSecurityContextTestExecutionListener, org.springframework.security.test.context.support.ReactorContextTestExecutionListener, org.springframework.boot.test.autoconfigure.restdocs.RestDocsTestExecutionListener, org.springframework.boot.test.autoconfigure.web.client.MockRestServiceServerResetTestExecutionListener, org.springframework.boot.test.autoconfigure.web.servlet.MockMvcPrintOnlyOnFailureTestExecutionListener, org.springframework.boot.test.autoconfigure.web.servlet.WebDriverTestExecutionListener, org.springframework.boot.test.mock.mockito.MockitoTestExecutionListener, org.springframework.boot.test.mock.mockito.ResetMocksTestExecutionListener, org.springframework.test.context.web.ServletTestExecutionListener, org.springframework.test.context.support.DirtiesContextBeforeModesTestExecutionListener, org.springframework.test.context.support.DependencyInjectionTestExecutionListener, org.springframework.test.context.support.DirtiesContextTestExecutionListener, org.springframework.test.context.transaction.TransactionalTestExecutionListener, org.springframework.test.context.jdbc.SqlScriptsTestExecutionListener]
2022-01-06 01:23:39.322  INFO 55176 --- [    Test worker] .b.t.a.w.s.WebMvcTestContextBootstrapper : Using TestExecutionListeners: [org.springframework.test.context.web.ServletTestExecutionListener@309ba591, org.springframework.test.context.support.DirtiesContextBeforeModesTestExecutionListener@79ef65d1, org.springframework.boot.test.mock.mockito.MockitoTestExecutionListener@1b3e7bcc, org.springframework.boot.test.autoconfigure.SpringBootDependencyInjectionTestExecutionListener@564715f0, org.springframework.test.context.support.DirtiesContextTestExecutionListener@3b9d8584, org.springframework.test.context.transaction.TransactionalTestExecutionListener@395eaecb, org.springframework.test.context.jdbc.SqlScriptsTestExecutionListener@51d65237, org.springframework.security.test.context.support.WithSecurityContextTestExecutionListener@3f502568, org.springframework.security.test.context.support.ReactorContextTestExecutionListener@683636a3, org.springframework.boot.test.autoconfigure.restdocs.RestDocsTestExecutionListener@24d2f598, org.springframework.boot.test.autoconfigure.web.client.MockRestServiceServerResetTestExecutionListener@47765cdf, org.springframework.boot.test.autoconfigure.web.servlet.MockMvcPrintOnlyOnFailureTestExecutionListener@79b35a3c, org.springframework.boot.test.autoconfigure.web.servlet.WebDriverTestExecutionListener@2069f887, org.springframework.boot.test.mock.mockito.ResetMocksTestExecutionListener@13a4b727]

  .   ____          _            __ _ _
 /\\ / ___'_ __ _ _(_)_ __  __ _ \ \ \ \
( ( )\___ | '_ | '_| | '_ \/ _` | \ \ \ \
 \\/  ___)| |_)| | | | | || (_| |  ) ) ) )
  '  |____| .__|_| |_|_| |_\__, | / / / /
 =========|_|==============|___/=/_/_/_/
 :: Spring Boot ::        (v2.1.7.RELEASE)

2022-01-06 01:23:39.508  INFO 55176 --- [    Test worker] c.j.b.s.web.HelloControllerTest          : Starting HelloControllerTest on DESKTOP-J53CL1C with PID 55176 (started by yhmsm in C:\Users\yhmsm\workspace\spring\freelec-springboot2-webservice)
2022-01-06 01:23:39.508  INFO 55176 --- [    Test worker] c.j.b.s.web.HelloControllerTest          : The following profiles are active: oauth
2022-01-06 01:23:40.415  INFO 55176 --- [    Test worker] o.s.s.concurrent.ThreadPoolTaskExecutor  : Initializing ExecutorService 'applicationTaskExecutor'
2022-01-06 01:23:40.478  INFO 55176 --- [    Test worker] o.s.b.a.w.s.WelcomePageHandlerMapping    : Adding welcome page template: index
2022-01-06 01:23:40.886  INFO 55176 --- [    Test worker] .s.s.UserDetailsServiceAutoConfiguration : 

Using generated security password: 9255887e-0f22-49d7-b9c1-3cb733c9a707

2022-01-06 01:23:41.458  INFO 55176 --- [    Test worker] o.s.s.web.DefaultSecurityFilterChain     : Creating filter chain: any request, [org.springframework.security.web.context.request.async.WebAsyncManagerIntegrationFilter@5d748c88, org.springframework.security.web.context.SecurityContextPersistenceFilter@55b2563f, org.springframework.security.web.header.HeaderWriterFilter@3460602c, org.springframework.security.web.csrf.CsrfFilter@41d13659, org.springframework.security.web.authentication.logout.LogoutFilter@3d1e156e, org.springframework.security.web.authentication.UsernamePasswordAuthenticationFilter@201ef769, org.springframework.security.web.authentication.ui.DefaultLoginPageGeneratingFilter@1aac8a4d, org.springframework.security.web.authentication.ui.DefaultLogoutPageGeneratingFilter@339fb00a, org.springframework.security.web.authentication.www.BasicAuthenticationFilter@71953a6f, org.springframework.security.web.savedrequest.RequestCacheAwareFilter@76392622, org.springframework.security.web.servletapi.SecurityContextHolderAwareRequestFilter@259ba0ea, org.springframework.security.web.authentication.AnonymousAuthenticationFilter@6b01b254, org.springframework.security.web.session.SessionManagementFilter@7c4bfb07, org.springframework.security.web.access.ExceptionTranslationFilter@7ffb8a69, org.springframework.security.web.access.intercept.FilterSecurityInterceptor@3b6aecd3]
2022-01-06 01:23:41.547  INFO 55176 --- [    Test worker] o.s.b.t.m.w.SpringBootMockServletContext : Initializing Spring TestDispatcherServlet ''
2022-01-06 01:23:41.548  INFO 55176 --- [    Test worker] o.s.t.web.servlet.TestDispatcherServlet  : Initializing Servlet ''
2022-01-06 01:23:41.578  INFO 55176 --- [    Test worker] o.s.t.web.servlet.TestDispatcherServlet  : Completed initialization in 30 ms
2022-01-06 01:23:41.634  INFO 55176 --- [    Test worker] c.j.b.s.web.HelloControllerTest          : Started HelloControllerTest in 2.304 seconds (JVM running for 20.606)
]]></system-out>
  <system-err><![CDATA[]]></system-err>
</testsuite>
