<?xml version="1.0" encoding="UTF-8"?>
<testsuite name="com.jojoldu.book.springboot.web.HelloControllerTest" tests="2" skipped="0" failures="0" errors="0" timestamp="2022-01-08T06:47:29" hostname="DESKTOP-J53CL1C" time="0.546">
  <properties/>
  <testcase name="hello가_리턴된다" classname="com.jojoldu.book.springboot.web.HelloControllerTest" time="0.163"/>
  <testcase name="helloDto가_리턴된다" classname="com.jojoldu.book.springboot.web.HelloControllerTest" time="0.383"/>
  <system-out><![CDATA[2022-01-08 15:47:27.552  INFO 57012 --- [    Test worker] .b.t.a.w.s.WebMvcTestContextBootstrapper : Neither @ContextConfiguration nor @ContextHierarchy found for test class [com.jojoldu.book.springboot.web.HelloControllerTest], using SpringBootContextLoader
2022-01-08 15:47:27.555  INFO 57012 --- [    Test worker] o.s.t.c.support.AbstractContextLoader    : Could not detect default resource locations for test class [com.jojoldu.book.springboot.web.HelloControllerTest]: no resource found for suffixes {-context.xml, Context.groovy}.
2022-01-08 15:47:27.556  INFO 57012 --- [    Test worker] t.c.s.AnnotationConfigContextLoaderUtils : Could not detect default configuration classes for test class [com.jojoldu.book.springboot.web.HelloControllerTest]: HelloControllerTest does not declare any static, non-private, non-final, nested classes annotated with @Configuration.
2022-01-08 15:47:27.687  INFO 57012 --- [    Test worker] .b.t.c.SpringBootTestContextBootstrapper : Found @SpringBootConfiguration com.jojoldu.book.springboot.Application for test class com.jojoldu.book.springboot.web.HelloControllerTest
2022-01-08 15:47:27.689  INFO 57012 --- [    Test worker] .b.t.a.w.s.WebMvcTestContextBootstrapper : Loaded default TestExecutionListener class names from location [META-INF/spring.factories]: [org.springframework.security.test.context.support.WithSecurityContextTestExecutionListener, org.springframework.security.test.context.support.ReactorContextTestExecutionListener, org.springframework.boot.test.autoconfigure.restdocs.RestDocsTestExecutionListener, org.springframework.boot.test.autoconfigure.web.client.MockRestServiceServerResetTestExecutionListener, org.springframework.boot.test.autoconfigure.web.servlet.MockMvcPrintOnlyOnFailureTestExecutionListener, org.springframework.boot.test.autoconfigure.web.servlet.WebDriverTestExecutionListener, org.springframework.boot.test.mock.mockito.MockitoTestExecutionListener, org.springframework.boot.test.mock.mockito.ResetMocksTestExecutionListener, org.springframework.test.context.web.ServletTestExecutionListener, org.springframework.test.context.support.DirtiesContextBeforeModesTestExecutionListener, org.springframework.test.context.support.DependencyInjectionTestExecutionListener, org.springframework.test.context.support.DirtiesContextTestExecutionListener, org.springframework.test.context.transaction.TransactionalTestExecutionListener, org.springframework.test.context.jdbc.SqlScriptsTestExecutionListener]
2022-01-08 15:47:27.693  INFO 57012 --- [    Test worker] .b.t.a.w.s.WebMvcTestContextBootstrapper : Using TestExecutionListeners: [org.springframework.test.context.web.ServletTestExecutionListener@1c8604bb, org.springframework.test.context.support.DirtiesContextBeforeModesTestExecutionListener@244917d, org.springframework.boot.test.mock.mockito.MockitoTestExecutionListener@51e11d9c, org.springframework.boot.test.autoconfigure.SpringBootDependencyInjectionTestExecutionListener@2b49308, org.springframework.test.context.support.DirtiesContextTestExecutionListener@2ebbfc39, org.springframework.test.context.transaction.TransactionalTestExecutionListener@8d24fea, org.springframework.test.context.jdbc.SqlScriptsTestExecutionListener@5106ae91, org.springframework.security.test.context.support.WithSecurityContextTestExecutionListener@770c5b6a, org.springframework.security.test.context.support.ReactorContextTestExecutionListener@6a73b86, org.springframework.boot.test.autoconfigure.restdocs.RestDocsTestExecutionListener@1c1099a7, org.springframework.boot.test.autoconfigure.web.client.MockRestServiceServerResetTestExecutionListener@7806de92, org.springframework.boot.test.autoconfigure.web.servlet.MockMvcPrintOnlyOnFailureTestExecutionListener@6dc41df3, org.springframework.boot.test.autoconfigure.web.servlet.WebDriverTestExecutionListener@520070c6, org.springframework.boot.test.mock.mockito.ResetMocksTestExecutionListener@4ac50680]

  .   ____          _            __ _ _
 /\\ / ___'_ __ _ _(_)_ __  __ _ \ \ \ \
( ( )\___ | '_ | '_| | '_ \/ _` | \ \ \ \
 \\/  ___)| |_)| | | | | || (_| |  ) ) ) )
  '  |____| .__|_| |_|_| |_\__, | / / / /
 =========|_|==============|___/=/_/_/_/
 :: Spring Boot ::        (v2.1.7.RELEASE)

2022-01-08 15:47:27.762  INFO 57012 --- [    Test worker] c.j.b.s.web.HelloControllerTest          : Starting HelloControllerTest on DESKTOP-J53CL1C with PID 57012 (started by yhmsm in C:\Users\yhmsm\workspace\spring\freelec-springboot2-webservice)
2022-01-08 15:47:27.766  INFO 57012 --- [    Test worker] c.j.b.s.web.HelloControllerTest          : No active profile set, falling back to default profiles: default
2022-01-08 15:47:28.583  INFO 57012 --- [    Test worker] o.s.s.concurrent.ThreadPoolTaskExecutor  : Initializing ExecutorService 'applicationTaskExecutor'
2022-01-08 15:47:28.637  INFO 57012 --- [    Test worker] o.s.b.a.w.s.WelcomePageHandlerMapping    : Adding welcome page template: index
2022-01-08 15:47:28.990  INFO 57012 --- [    Test worker] .s.s.UserDetailsServiceAutoConfiguration : 

Using generated security password: 85614c93-0893-40d4-a3c7-743c6152ba89

2022-01-08 15:47:29.357  INFO 57012 --- [    Test worker] o.s.s.web.DefaultSecurityFilterChain     : Creating filter chain: any request, [org.springframework.security.web.context.request.async.WebAsyncManagerIntegrationFilter@2f80f7ad, org.springframework.security.web.context.SecurityContextPersistenceFilter@56f885e5, org.springframework.security.web.header.HeaderWriterFilter@598002ff, org.springframework.security.web.csrf.CsrfFilter@67388076, org.springframework.security.web.authentication.logout.LogoutFilter@5a81d19e, org.springframework.security.web.authentication.UsernamePasswordAuthenticationFilter@4e6e802b, org.springframework.security.web.authentication.ui.DefaultLoginPageGeneratingFilter@3dfc4926, org.springframework.security.web.authentication.ui.DefaultLogoutPageGeneratingFilter@132da612, org.springframework.security.web.authentication.www.BasicAuthenticationFilter@19583c1c, org.springframework.security.web.savedrequest.RequestCacheAwareFilter@5e04e9d9, org.springframework.security.web.servletapi.SecurityContextHolderAwareRequestFilter@7ca9f1c, org.springframework.security.web.authentication.AnonymousAuthenticationFilter@4bcdd0b7, org.springframework.security.web.session.SessionManagementFilter@7a980289, org.springframework.security.web.access.ExceptionTranslationFilter@14a39af1, org.springframework.security.web.access.intercept.FilterSecurityInterceptor@31a4c2dd]
2022-01-08 15:47:29.419  INFO 57012 --- [    Test worker] o.s.b.t.m.w.SpringBootMockServletContext : Initializing Spring TestDispatcherServlet ''
2022-01-08 15:47:29.419  INFO 57012 --- [    Test worker] o.s.t.web.servlet.TestDispatcherServlet  : Initializing Servlet ''
2022-01-08 15:47:29.442  INFO 57012 --- [    Test worker] o.s.t.web.servlet.TestDispatcherServlet  : Completed initialization in 23 ms
2022-01-08 15:47:29.521  INFO 57012 --- [    Test worker] c.j.b.s.web.HelloControllerTest          : Started HelloControllerTest in 1.821 seconds (JVM running for 22.029)
]]></system-out>
  <system-err><![CDATA[]]></system-err>
</testsuite>
