<?xml version="1.0" encoding="UTF-8"?>
<testsuite name="com.jojoldu.book.springboot.web.IndexControllerTest" tests="1" skipped="0" failures="0" errors="0" timestamp="2022-01-05T16:23:47" hostname="DESKTOP-J53CL1C" time="0.483">
  <properties/>
  <testcase name="메인페이지_로딩" classname="com.jojoldu.book.springboot.web.IndexControllerTest" time="0.483"/>
  <system-out><![CDATA[2022-01-06 01:23:41.970  INFO 55176 --- [    Test worker] .b.t.c.SpringBootTestContextBootstrapper : Neither @ContextConfiguration nor @ContextHierarchy found for test class [com.jojoldu.book.springboot.web.IndexControllerTest], using SpringBootContextLoader
2022-01-06 01:23:41.972  INFO 55176 --- [    Test worker] o.s.t.c.support.AbstractContextLoader    : Could not detect default resource locations for test class [com.jojoldu.book.springboot.web.IndexControllerTest]: no resource found for suffixes {-context.xml, Context.groovy}.
2022-01-06 01:23:41.973  INFO 55176 --- [    Test worker] t.c.s.AnnotationConfigContextLoaderUtils : Could not detect default configuration classes for test class [com.jojoldu.book.springboot.web.IndexControllerTest]: IndexControllerTest does not declare any static, non-private, non-final, nested classes annotated with @Configuration.
2022-01-06 01:23:41.975  INFO 55176 --- [    Test worker] .b.t.c.SpringBootTestContextBootstrapper : Found @SpringBootConfiguration com.jojoldu.book.springboot.Application for test class com.jojoldu.book.springboot.web.IndexControllerTest
2022-01-06 01:23:41.977  INFO 55176 --- [    Test worker] .b.t.c.SpringBootTestContextBootstrapper : Loaded default TestExecutionListener class names from location [META-INF/spring.factories]: [org.springframework.security.test.context.support.WithSecurityContextTestExecutionListener, org.springframework.security.test.context.support.ReactorContextTestExecutionListener, org.springframework.boot.test.autoconfigure.restdocs.RestDocsTestExecutionListener, org.springframework.boot.test.autoconfigure.web.client.MockRestServiceServerResetTestExecutionListener, org.springframework.boot.test.autoconfigure.web.servlet.MockMvcPrintOnlyOnFailureTestExecutionListener, org.springframework.boot.test.autoconfigure.web.servlet.WebDriverTestExecutionListener, org.springframework.boot.test.mock.mockito.MockitoTestExecutionListener, org.springframework.boot.test.mock.mockito.ResetMocksTestExecutionListener, org.springframework.test.context.web.ServletTestExecutionListener, org.springframework.test.context.support.DirtiesContextBeforeModesTestExecutionListener, org.springframework.test.context.support.DependencyInjectionTestExecutionListener, org.springframework.test.context.support.DirtiesContextTestExecutionListener, org.springframework.test.context.transaction.TransactionalTestExecutionListener, org.springframework.test.context.jdbc.SqlScriptsTestExecutionListener]
2022-01-06 01:23:41.979  INFO 55176 --- [    Test worker] .b.t.c.SpringBootTestContextBootstrapper : Using TestExecutionListeners: [org.springframework.test.context.web.ServletTestExecutionListener@15e9cbbc, org.springframework.test.context.support.DirtiesContextBeforeModesTestExecutionListener@68902229, org.springframework.boot.test.mock.mockito.MockitoTestExecutionListener@f544cd7, org.springframework.boot.test.autoconfigure.SpringBootDependencyInjectionTestExecutionListener@1d3d0dbf, org.springframework.test.context.support.DirtiesContextTestExecutionListener@4652918f, org.springframework.test.context.transaction.TransactionalTestExecutionListener@2fba6206, org.springframework.test.context.jdbc.SqlScriptsTestExecutionListener@2a5b1d2, org.springframework.security.test.context.support.WithSecurityContextTestExecutionListener@770004cc, org.springframework.security.test.context.support.ReactorContextTestExecutionListener@258c3d4a, org.springframework.boot.test.autoconfigure.restdocs.RestDocsTestExecutionListener@595ac1af, org.springframework.boot.test.autoconfigure.web.client.MockRestServiceServerResetTestExecutionListener@76dec077, org.springframework.boot.test.autoconfigure.web.servlet.MockMvcPrintOnlyOnFailureTestExecutionListener@18f9c04, org.springframework.boot.test.autoconfigure.web.servlet.WebDriverTestExecutionListener@45ad8712, org.springframework.boot.test.mock.mockito.ResetMocksTestExecutionListener@4a7571b1]

  .   ____          _            __ _ _
 /\\ / ___'_ __ _ _(_)_ __  __ _ \ \ \ \
( ( )\___ | '_ | '_| | '_ \/ _` | \ \ \ \
 \\/  ___)| |_)| | | | | || (_| |  ) ) ) )
  '  |____| .__|_| |_|_| |_\__, | / / / /
 =========|_|==============|___/=/_/_/_/
 :: Spring Boot ::        (v2.1.7.RELEASE)

2022-01-06 01:23:42.196  INFO 55176 --- [    Test worker] c.j.b.s.web.IndexControllerTest          : Starting IndexControllerTest on DESKTOP-J53CL1C with PID 55176 (started by yhmsm in C:\Users\yhmsm\workspace\spring\freelec-springboot2-webservice)
2022-01-06 01:23:42.196  INFO 55176 --- [    Test worker] c.j.b.s.web.IndexControllerTest          : The following profiles are active: oauth
2022-01-06 01:23:42.873  INFO 55176 --- [    Test worker] .s.d.r.c.RepositoryConfigurationDelegate : Bootstrapping Spring Data repositories in DEFAULT mode.
2022-01-06 01:23:42.928  INFO 55176 --- [    Test worker] .s.d.r.c.RepositoryConfigurationDelegate : Finished Spring Data repository scanning in 52ms. Found 2 repository interfaces.
2022-01-06 01:23:43.120  INFO 55176 --- [    Test worker] trationDelegate$BeanPostProcessorChecker : Bean 'org.springframework.transaction.annotation.ProxyTransactionManagementConfiguration' of type [org.springframework.transaction.annotation.ProxyTransactionManagementConfiguration$$EnhancerBySpringCGLIB$$f153eb7e] is not eligible for getting processed by all BeanPostProcessors (for example: not eligible for auto-proxying)
2022-01-06 01:23:43.584  INFO 55176 --- [    Test worker] o.s.b.w.embedded.tomcat.TomcatWebServer  : Tomcat initialized with port(s): 0 (http)
2022-01-06 01:23:43.644  INFO 55176 --- [    Test worker] o.apache.catalina.core.StandardService   : Starting service [Tomcat]
2022-01-06 01:23:43.644  INFO 55176 --- [    Test worker] org.apache.catalina.core.StandardEngine  : Starting Servlet engine: [Apache Tomcat/9.0.22]
2022-01-06 01:23:44.468  INFO 55176 --- [    Test worker] o.a.c.c.C.[Tomcat].[localhost].[/]       : Initializing Spring embedded WebApplicationContext
2022-01-06 01:23:44.469  INFO 55176 --- [    Test worker] o.s.web.context.ContextLoader            : Root WebApplicationContext: initialization completed in 2268 ms
2022-01-06 01:23:45.028  INFO 55176 --- [    Test worker] com.zaxxer.hikari.HikariDataSource       : HikariPool-2 - Starting...
2022-01-06 01:23:45.032  INFO 55176 --- [    Test worker] com.zaxxer.hikari.HikariDataSource       : HikariPool-2 - Start completed.
2022-01-06 01:23:45.199  INFO 55176 --- [    Test worker] o.hibernate.jpa.internal.util.LogHelper  : HHH000204: Processing PersistenceUnitInfo [
	name: default
	...]
2022-01-06 01:23:45.248  INFO 55176 --- [    Test worker] org.hibernate.dialect.Dialect            : HHH000400: Using dialect: org.hibernate.dialect.MySQL5InnoDBDialect
Hibernate: drop table if exists posts
Hibernate: drop table if exists user
Hibernate: create table posts (id bigint not null auto_increment, created_date datetime, modified_date datetime, author varchar(255), content TEXT not null, title varchar(500) not null, primary key (id)) engine=InnoDB
Hibernate: create table user (id bigint not null auto_increment, created_date datetime, modified_date datetime, email varchar(255) not null, name varchar(255) not null, picture varchar(255), role varchar(255) not null, primary key (id)) engine=InnoDB
2022-01-06 01:23:45.565  INFO 55176 --- [    Test worker] o.h.t.schema.internal.SchemaCreatorImpl  : HHH000476: Executing import script 'org.hibernate.tool.schema.internal.exec.ScriptSourceInputNonExistentImpl@4530a2a7'
2022-01-06 01:23:45.567  INFO 55176 --- [    Test worker] j.LocalContainerEntityManagerFactoryBean : Initialized JPA EntityManagerFactory for persistence unit 'default'
2022-01-06 01:23:46.197  INFO 55176 --- [    Test worker] o.h.h.i.QueryTranslatorFactoryInitiator  : HHH000397: Using ASTQueryTranslatorFactory
2022-01-06 01:23:46.809  INFO 55176 --- [    Test worker] o.s.s.web.DefaultSecurityFilterChain     : Creating filter chain: any request, [org.springframework.security.web.context.request.async.WebAsyncManagerIntegrationFilter@2f17eb52, org.springframework.security.web.context.SecurityContextPersistenceFilter@761f90c9, org.springframework.security.web.header.HeaderWriterFilter@bbb00dc, org.springframework.security.web.authentication.logout.LogoutFilter@76a0840d, org.springframework.security.oauth2.client.web.OAuth2AuthorizationRequestRedirectFilter@39f458bc, org.springframework.security.oauth2.client.web.OAuth2LoginAuthenticationFilter@6afaedd6, org.springframework.security.web.authentication.ui.DefaultLoginPageGeneratingFilter@7cb3da8a, org.springframework.security.web.authentication.ui.DefaultLogoutPageGeneratingFilter@36308a57, org.springframework.security.web.savedrequest.RequestCacheAwareFilter@581f95ef, org.springframework.security.web.servletapi.SecurityContextHolderAwareRequestFilter@b71d3d0, org.springframework.security.web.authentication.AnonymousAuthenticationFilter@2d9a0595, org.springframework.security.web.session.SessionManagementFilter@1c9d7509, org.springframework.security.web.access.ExceptionTranslationFilter@b84a540, org.springframework.security.web.access.intercept.FilterSecurityInterceptor@44abb2bd]
2022-01-06 01:23:47.239  INFO 55176 --- [    Test worker] o.s.s.concurrent.ThreadPoolTaskExecutor  : Initializing ExecutorService 'applicationTaskExecutor'
2022-01-06 01:23:47.267  WARN 55176 --- [    Test worker] aWebConfiguration$JpaWebMvcConfiguration : spring.jpa.open-in-view is enabled by default. Therefore, database queries may be performed during view rendering. Explicitly configure spring.jpa.open-in-view to disable this warning
2022-01-06 01:23:47.315  INFO 55176 --- [    Test worker] o.s.b.a.w.s.WelcomePageHandlerMapping    : Adding welcome page template: index
2022-01-06 01:23:47.797  INFO 55176 --- [    Test worker] s.a.ScheduledAnnotationBeanPostProcessor : No TaskScheduler/ScheduledExecutorService bean found for scheduled processing
2022-01-06 01:23:47.832  INFO 55176 --- [    Test worker] o.s.b.w.embedded.tomcat.TomcatWebServer  : Tomcat started on port(s): 4582 (http) with context path ''
2022-01-06 01:23:47.834  INFO 55176 --- [    Test worker] c.j.b.s.web.IndexControllerTest          : Started IndexControllerTest in 5.852 seconds (JVM running for 26.807)
2022-01-06 01:23:48.135  INFO 55176 --- [o-auto-1-exec-1] o.a.c.c.C.[Tomcat].[localhost].[/]       : Initializing Spring DispatcherServlet 'dispatcherServlet'
2022-01-06 01:23:48.136  INFO 55176 --- [o-auto-1-exec-1] o.s.web.servlet.DispatcherServlet        : Initializing Servlet 'dispatcherServlet'
2022-01-06 01:23:48.162  INFO 55176 --- [o-auto-1-exec-1] o.s.web.servlet.DispatcherServlet        : Completed initialization in 26 ms
Hibernate: select posts0_.id as id1_0_, posts0_.created_date as created_2_0_, posts0_.modified_date as modified3_0_, posts0_.author as author4_0_, posts0_.content as content5_0_, posts0_.title as title6_0_ from posts posts0_ order by posts0_.id DESC
]]></system-out>
  <system-err><![CDATA[]]></system-err>
</testsuite>
