<?xml version="1.0" encoding="UTF-8"?>
<testsuite name="com.jojoldu.book.springboot.web.HelloControllerTest" tests="2" skipped="0" failures="0" errors="0" timestamp="2022-01-05T19:15:48" hostname="DESKTOP-J53CL1C" time="0.563">
  <properties/>
  <testcase name="hello가_리턴된다" classname="com.jojoldu.book.springboot.web.HelloControllerTest" time="0.262"/>
  <testcase name="helloDto가_리턴된다" classname="com.jojoldu.book.springboot.web.HelloControllerTest" time="0.298"/>
  <system-out><![CDATA[2022-01-06 04:15:46.023  INFO 48664 --- [    Test worker] .b.t.a.w.s.WebMvcTestContextBootstrapper : Neither @ContextConfiguration nor @ContextHierarchy found for test class [com.jojoldu.book.springboot.web.HelloControllerTest], using SpringBootContextLoader
2022-01-06 04:15:46.031  INFO 48664 --- [    Test worker] o.s.t.c.support.AbstractContextLoader    : Could not detect default resource locations for test class [com.jojoldu.book.springboot.web.HelloControllerTest]: no resource found for suffixes {-context.xml, Context.groovy}.
2022-01-06 04:15:46.031  INFO 48664 --- [    Test worker] t.c.s.AnnotationConfigContextLoaderUtils : Could not detect default configuration classes for test class [com.jojoldu.book.springboot.web.HelloControllerTest]: HelloControllerTest does not declare any static, non-private, non-final, nested classes annotated with @Configuration.
2022-01-06 04:15:46.159  INFO 48664 --- [    Test worker] .b.t.c.SpringBootTestContextBootstrapper : Found @SpringBootConfiguration com.jojoldu.book.springboot.Application for test class com.jojoldu.book.springboot.web.HelloControllerTest
2022-01-06 04:15:46.163  INFO 48664 --- [    Test worker] .b.t.a.w.s.WebMvcTestContextBootstrapper : Loaded default TestExecutionListener class names from location [META-INF/spring.factories]: [org.springframework.security.test.context.support.WithSecurityContextTestExecutionListener, org.springframework.security.test.context.support.ReactorContextTestExecutionListener, org.springframework.boot.test.autoconfigure.restdocs.RestDocsTestExecutionListener, org.springframework.boot.test.autoconfigure.web.client.MockRestServiceServerResetTestExecutionListener, org.springframework.boot.test.autoconfigure.web.servlet.MockMvcPrintOnlyOnFailureTestExecutionListener, org.springframework.boot.test.autoconfigure.web.servlet.WebDriverTestExecutionListener, org.springframework.boot.test.mock.mockito.MockitoTestExecutionListener, org.springframework.boot.test.mock.mockito.ResetMocksTestExecutionListener, org.springframework.test.context.web.ServletTestExecutionListener, org.springframework.test.context.support.DirtiesContextBeforeModesTestExecutionListener, org.springframework.test.context.support.DependencyInjectionTestExecutionListener, org.springframework.test.context.support.DirtiesContextTestExecutionListener, org.springframework.test.context.transaction.TransactionalTestExecutionListener, org.springframework.test.context.jdbc.SqlScriptsTestExecutionListener]
2022-01-06 04:15:46.170  INFO 48664 --- [    Test worker] .b.t.a.w.s.WebMvcTestContextBootstrapper : Using TestExecutionListeners: [org.springframework.test.context.web.ServletTestExecutionListener@39b06e20, org.springframework.test.context.support.DirtiesContextBeforeModesTestExecutionListener@683c9e97, org.springframework.boot.test.mock.mockito.MockitoTestExecutionListener@2ed55dd8, org.springframework.boot.test.autoconfigure.SpringBootDependencyInjectionTestExecutionListener@b9f3e84, org.springframework.test.context.support.DirtiesContextTestExecutionListener@316490b9, org.springframework.test.context.transaction.TransactionalTestExecutionListener@3da07824, org.springframework.test.context.jdbc.SqlScriptsTestExecutionListener@391fd9d5, org.springframework.security.test.context.support.WithSecurityContextTestExecutionListener@4b86bb6c, org.springframework.security.test.context.support.ReactorContextTestExecutionListener@5e720bfd, org.springframework.boot.test.autoconfigure.restdocs.RestDocsTestExecutionListener@602d394f, org.springframework.boot.test.autoconfigure.web.client.MockRestServiceServerResetTestExecutionListener@27bb95ee, org.springframework.boot.test.autoconfigure.web.servlet.MockMvcPrintOnlyOnFailureTestExecutionListener@599817ae, org.springframework.boot.test.autoconfigure.web.servlet.WebDriverTestExecutionListener@177bd283, org.springframework.boot.test.mock.mockito.ResetMocksTestExecutionListener@1e956662]

  .   ____          _            __ _ _
 /\\ / ___'_ __ _ _(_)_ __  __ _ \ \ \ \
( ( )\___ | '_ | '_| | '_ \/ _` | \ \ \ \
 \\/  ___)| |_)| | | | | || (_| |  ) ) ) )
  '  |____| .__|_| |_|_| |_\__, | / / / /
 =========|_|==============|___/=/_/_/_/
 :: Spring Boot ::        (v2.1.7.RELEASE)

2022-01-06 04:15:46.271  INFO 48664 --- [    Test worker] c.j.b.s.web.HelloControllerTest          : Starting HelloControllerTest on DESKTOP-J53CL1C with PID 48664 (started by yhmsm in C:\Users\yhmsm\workspace\spring\freelec-springboot2-webservice)
2022-01-06 04:15:46.272  INFO 48664 --- [    Test worker] c.j.b.s.web.HelloControllerTest          : The following profiles are active: oauth
2022-01-06 04:15:47.315  INFO 48664 --- [    Test worker] o.s.s.concurrent.ThreadPoolTaskExecutor  : Initializing ExecutorService 'applicationTaskExecutor'
2022-01-06 04:15:47.398  INFO 48664 --- [    Test worker] o.s.b.a.w.s.WelcomePageHandlerMapping    : Adding welcome page template: index
2022-01-06 04:15:48.321  INFO 48664 --- [    Test worker] .s.s.UserDetailsServiceAutoConfiguration : 

Using generated security password: e89684dd-f323-4ee6-9d5e-fbe4d34207b1

2022-01-06 04:15:48.695  INFO 48664 --- [    Test worker] o.s.s.web.DefaultSecurityFilterChain     : Creating filter chain: any request, [org.springframework.security.web.context.request.async.WebAsyncManagerIntegrationFilter@77eaff3d, org.springframework.security.web.context.SecurityContextPersistenceFilter@69f4778f, org.springframework.security.web.header.HeaderWriterFilter@17cf28a3, org.springframework.security.web.csrf.CsrfFilter@6b01b254, org.springframework.security.web.authentication.logout.LogoutFilter@253d6356, org.springframework.security.web.authentication.UsernamePasswordAuthenticationFilter@44a8e562, org.springframework.security.web.authentication.ui.DefaultLoginPageGeneratingFilter@c04954f, org.springframework.security.web.authentication.ui.DefaultLogoutPageGeneratingFilter@7615db88, org.springframework.security.web.authentication.www.BasicAuthenticationFilter@5a5a9987, org.springframework.security.web.savedrequest.RequestCacheAwareFilter@46a60b57, org.springframework.security.web.servletapi.SecurityContextHolderAwareRequestFilter@28c2a910, org.springframework.security.web.authentication.AnonymousAuthenticationFilter@780df26c, org.springframework.security.web.session.SessionManagementFilter@71babb1c, org.springframework.security.web.access.ExceptionTranslationFilter@591edc6a, org.springframework.security.web.access.intercept.FilterSecurityInterceptor@1ba65f7b]
2022-01-06 04:15:48.774  INFO 48664 --- [    Test worker] o.s.b.t.m.w.SpringBootMockServletContext : Initializing Spring TestDispatcherServlet ''
2022-01-06 04:15:48.774  INFO 48664 --- [    Test worker] o.s.t.web.servlet.TestDispatcherServlet  : Initializing Servlet ''
2022-01-06 04:15:48.825  INFO 48664 --- [    Test worker] o.s.t.web.servlet.TestDispatcherServlet  : Completed initialization in 50 ms
2022-01-06 04:15:48.985  INFO 48664 --- [    Test worker] c.j.b.s.web.HelloControllerTest          : Started HelloControllerTest in 2.81 seconds (JVM running for 22.888)
]]></system-out>
  <system-err><![CDATA[]]></system-err>
</testsuite>
