<?xml version="1.0" encoding="UTF-8"?>
<testsuite name="com.jojoldu.book.springboot.web.ProfileControllerTest" tests="1" skipped="0" failures="0" errors="0" timestamp="2022-01-08T06:47:36" hostname="DESKTOP-J53CL1C" time="0.057">
  <properties/>
  <testcase name="profile은_인증없이_호출된다" classname="com.jojoldu.book.springboot.web.ProfileControllerTest" time="0.057"/>
  <system-out><![CDATA[2022-01-08 15:47:36.362  INFO 57012 --- [    Test worker] .b.t.c.SpringBootTestContextBootstrapper : Neither @ContextConfiguration nor @ContextHierarchy found for test class [com.jojoldu.book.springboot.web.ProfileControllerTest], using SpringBootContextLoader
2022-01-08 15:47:36.366  INFO 57012 --- [    Test worker] o.s.t.c.support.AbstractContextLoader    : Could not detect default resource locations for test class [com.jojoldu.book.springboot.web.ProfileControllerTest]: no resource found for suffixes {-context.xml, Context.groovy}.
2022-01-08 15:47:36.367  INFO 57012 --- [    Test worker] t.c.s.AnnotationConfigContextLoaderUtils : Could not detect default configuration classes for test class [com.jojoldu.book.springboot.web.ProfileControllerTest]: ProfileControllerTest does not declare any static, non-private, non-final, nested classes annotated with @Configuration.
2022-01-08 15:47:36.370  INFO 57012 --- [    Test worker] .b.t.c.SpringBootTestContextBootstrapper : Found @SpringBootConfiguration com.jojoldu.book.springboot.Application for test class com.jojoldu.book.springboot.web.ProfileControllerTest
2022-01-08 15:47:36.373  INFO 57012 --- [    Test worker] .b.t.c.SpringBootTestContextBootstrapper : Loaded default TestExecutionListener class names from location [META-INF/spring.factories]: [org.springframework.security.test.context.support.WithSecurityContextTestExecutionListener, org.springframework.security.test.context.support.ReactorContextTestExecutionListener, org.springframework.boot.test.autoconfigure.restdocs.RestDocsTestExecutionListener, org.springframework.boot.test.autoconfigure.web.client.MockRestServiceServerResetTestExecutionListener, org.springframework.boot.test.autoconfigure.web.servlet.MockMvcPrintOnlyOnFailureTestExecutionListener, org.springframework.boot.test.autoconfigure.web.servlet.WebDriverTestExecutionListener, org.springframework.boot.test.mock.mockito.MockitoTestExecutionListener, org.springframework.boot.test.mock.mockito.ResetMocksTestExecutionListener, org.springframework.test.context.web.ServletTestExecutionListener, org.springframework.test.context.support.DirtiesContextBeforeModesTestExecutionListener, org.springframework.test.context.support.DependencyInjectionTestExecutionListener, org.springframework.test.context.support.DirtiesContextTestExecutionListener, org.springframework.test.context.transaction.TransactionalTestExecutionListener, org.springframework.test.context.jdbc.SqlScriptsTestExecutionListener]
2022-01-08 15:47:36.375  INFO 57012 --- [    Test worker] .b.t.c.SpringBootTestContextBootstrapper : Using TestExecutionListeners: [org.springframework.test.context.web.ServletTestExecutionListener@5f1ee225, org.springframework.test.context.support.DirtiesContextBeforeModesTestExecutionListener@588bf171, org.springframework.boot.test.mock.mockito.MockitoTestExecutionListener@7602f9be, org.springframework.boot.test.autoconfigure.SpringBootDependencyInjectionTestExecutionListener@3ff73afa, org.springframework.test.context.support.DirtiesContextTestExecutionListener@1750e8eb, org.springframework.test.context.transaction.TransactionalTestExecutionListener@10579309, org.springframework.test.context.jdbc.SqlScriptsTestExecutionListener@71f957b4, org.springframework.security.test.context.support.WithSecurityContextTestExecutionListener@77df939b, org.springframework.security.test.context.support.ReactorContextTestExecutionListener@67583a3b, org.springframework.boot.test.autoconfigure.restdocs.RestDocsTestExecutionListener@4b3b3202, org.springframework.boot.test.autoconfigure.web.client.MockRestServiceServerResetTestExecutionListener@70c48826, org.springframework.boot.test.autoconfigure.web.servlet.MockMvcPrintOnlyOnFailureTestExecutionListener@7b0c9eee, org.springframework.boot.test.autoconfigure.web.servlet.WebDriverTestExecutionListener@5da3fa56, org.springframework.boot.test.mock.mockito.ResetMocksTestExecutionListener@4f9a78c2]
]]></system-out>
  <system-err><![CDATA[]]></system-err>
</testsuite>
