<?xml version="1.0" encoding="UTF-8"?>
<testsuite name="com.jojoldu.book.springboot.web.IndexControllerTest" tests="1" skipped="0" failures="0" errors="0" timestamp="2022-01-08T06:47:35" hostname="DESKTOP-J53CL1C" time="0.37">
  <properties/>
  <testcase name="메인페이지_로딩" classname="com.jojoldu.book.springboot.web.IndexControllerTest" time="0.37"/>
  <system-out><![CDATA[2022-01-08 15:47:30.087  INFO 57012 --- [    Test worker] .b.t.c.SpringBootTestContextBootstrapper : Neither @ContextConfiguration nor @ContextHierarchy found for test class [com.jojoldu.book.springboot.web.IndexControllerTest], using SpringBootContextLoader
2022-01-08 15:47:30.089  INFO 57012 --- [    Test worker] o.s.t.c.support.AbstractContextLoader    : Could not detect default resource locations for test class [com.jojoldu.book.springboot.web.IndexControllerTest]: no resource found for suffixes {-context.xml, Context.groovy}.
2022-01-08 15:47:30.092  INFO 57012 --- [    Test worker] t.c.s.AnnotationConfigContextLoaderUtils : Could not detect default configuration classes for test class [com.jojoldu.book.springboot.web.IndexControllerTest]: IndexControllerTest does not declare any static, non-private, non-final, nested classes annotated with @Configuration.
2022-01-08 15:47:30.095  INFO 57012 --- [    Test worker] .b.t.c.SpringBootTestContextBootstrapper : Found @SpringBootConfiguration com.jojoldu.book.springboot.Application for test class com.jojoldu.book.springboot.web.IndexControllerTest
2022-01-08 15:47:30.098  INFO 57012 --- [    Test worker] .b.t.c.SpringBootTestContextBootstrapper : Loaded default TestExecutionListener class names from location [META-INF/spring.factories]: [org.springframework.security.test.context.support.WithSecurityContextTestExecutionListener, org.springframework.security.test.context.support.ReactorContextTestExecutionListener, org.springframework.boot.test.autoconfigure.restdocs.RestDocsTestExecutionListener, org.springframework.boot.test.autoconfigure.web.client.MockRestServiceServerResetTestExecutionListener, org.springframework.boot.test.autoconfigure.web.servlet.MockMvcPrintOnlyOnFailureTestExecutionListener, org.springframework.boot.test.autoconfigure.web.servlet.WebDriverTestExecutionListener, org.springframework.boot.test.mock.mockito.MockitoTestExecutionListener, org.springframework.boot.test.mock.mockito.ResetMocksTestExecutionListener, org.springframework.test.context.web.ServletTestExecutionListener, org.springframework.test.context.support.DirtiesContextBeforeModesTestExecutionListener, org.springframework.test.context.support.DependencyInjectionTestExecutionListener, org.springframework.test.context.support.DirtiesContextTestExecutionListener, org.springframework.test.context.transaction.TransactionalTestExecutionListener, org.springframework.test.context.jdbc.SqlScriptsTestExecutionListener]
2022-01-08 15:47:30.099  INFO 57012 --- [    Test worker] .b.t.c.SpringBootTestContextBootstrapper : Using TestExecutionListeners: [org.springframework.test.context.web.ServletTestExecutionListener@2fb738c8, org.springframework.test.context.support.DirtiesContextBeforeModesTestExecutionListener@f2b2763, org.springframework.boot.test.mock.mockito.MockitoTestExecutionListener@15ea200b, org.springframework.boot.test.autoconfigure.SpringBootDependencyInjectionTestExecutionListener@6a48eb5c, org.springframework.test.context.support.DirtiesContextTestExecutionListener@7cafffa5, org.springframework.test.context.transaction.TransactionalTestExecutionListener@2a69df6c, org.springframework.test.context.jdbc.SqlScriptsTestExecutionListener@6e475852, org.springframework.security.test.context.support.WithSecurityContextTestExecutionListener@43f84ccd, org.springframework.security.test.context.support.ReactorContextTestExecutionListener@40a9d1c0, org.springframework.boot.test.autoconfigure.restdocs.RestDocsTestExecutionListener@24dfe406, org.springframework.boot.test.autoconfigure.web.client.MockRestServiceServerResetTestExecutionListener@700ead07, org.springframework.boot.test.autoconfigure.web.servlet.MockMvcPrintOnlyOnFailureTestExecutionListener@719119ef, org.springframework.boot.test.autoconfigure.web.servlet.WebDriverTestExecutionListener@7f38e1cc, org.springframework.boot.test.mock.mockito.ResetMocksTestExecutionListener@241cd5f9]

  .   ____          _            __ _ _
 /\\ / ___'_ __ _ _(_)_ __  __ _ \ \ \ \
( ( )\___ | '_ | '_| | '_ \/ _` | \ \ \ \
 \\/  ___)| |_)| | | | | || (_| |  ) ) ) )
  '  |____| .__|_| |_|_| |_\__, | / / / /
 =========|_|==============|___/=/_/_/_/
 :: Spring Boot ::        (v2.1.7.RELEASE)

2022-01-08 15:47:30.243  INFO 57012 --- [    Test worker] c.j.b.s.web.IndexControllerTest          : Starting IndexControllerTest on DESKTOP-J53CL1C with PID 57012 (started by yhmsm in C:\Users\yhmsm\workspace\spring\freelec-springboot2-webservice)
2022-01-08 15:47:30.252  INFO 57012 --- [    Test worker] c.j.b.s.web.IndexControllerTest          : No active profile set, falling back to default profiles: default
2022-01-08 15:47:31.164  INFO 57012 --- [    Test worker] .s.d.r.c.RepositoryConfigurationDelegate : Bootstrapping Spring Data repositories in DEFAULT mode.
2022-01-08 15:47:31.203  INFO 57012 --- [    Test worker] .s.d.r.c.RepositoryConfigurationDelegate : Finished Spring Data repository scanning in 39ms. Found 2 repository interfaces.
2022-01-08 15:47:31.378  INFO 57012 --- [    Test worker] trationDelegate$BeanPostProcessorChecker : Bean 'org.springframework.transaction.annotation.ProxyTransactionManagementConfiguration' of type [org.springframework.transaction.annotation.ProxyTransactionManagementConfiguration$$EnhancerBySpringCGLIB$$9bc720c7] is not eligible for getting processed by all BeanPostProcessors (for example: not eligible for auto-proxying)
2022-01-08 15:47:31.864  INFO 57012 --- [    Test worker] o.s.b.w.embedded.tomcat.TomcatWebServer  : Tomcat initialized with port(s): 0 (http)
2022-01-08 15:47:31.929  INFO 57012 --- [    Test worker] o.apache.catalina.core.StandardService   : Starting service [Tomcat]
2022-01-08 15:47:31.931  INFO 57012 --- [    Test worker] org.apache.catalina.core.StandardEngine  : Starting Servlet engine: [Apache Tomcat/9.0.22]
2022-01-08 15:47:32.292  INFO 57012 --- [    Test worker] o.a.c.c.C.[Tomcat].[localhost].[/]       : Initializing Spring embedded WebApplicationContext
2022-01-08 15:47:32.292  INFO 57012 --- [    Test worker] o.s.web.context.ContextLoader            : Root WebApplicationContext: initialization completed in 2035 ms
2022-01-08 15:47:32.585  INFO 57012 --- [    Test worker] com.zaxxer.hikari.HikariDataSource       : HikariPool-2 - Starting...
2022-01-08 15:47:32.586  INFO 57012 --- [    Test worker] com.zaxxer.hikari.HikariDataSource       : HikariPool-2 - Start completed.
2022-01-08 15:47:32.660  INFO 57012 --- [    Test worker] o.hibernate.jpa.internal.util.LogHelper  : HHH000204: Processing PersistenceUnitInfo [
	name: default
	...]
2022-01-08 15:47:32.687  INFO 57012 --- [    Test worker] org.hibernate.dialect.Dialect            : HHH000400: Using dialect: org.hibernate.dialect.MySQL5InnoDBDialect
Hibernate: drop table if exists posts
Hibernate: drop table if exists user
Hibernate: create table posts (id bigint not null auto_increment, created_date datetime, modified_date datetime, author varchar(255), content TEXT not null, title varchar(500) not null, primary key (id)) engine=InnoDB
Hibernate: create table user (id bigint not null auto_increment, created_date datetime, modified_date datetime, email varchar(255) not null, name varchar(255) not null, picture varchar(255), role varchar(255) not null, primary key (id)) engine=InnoDB
2022-01-08 15:47:32.851  INFO 57012 --- [    Test worker] o.h.t.schema.internal.SchemaCreatorImpl  : HHH000476: Executing import script 'org.hibernate.tool.schema.internal.exec.ScriptSourceInputNonExistentImpl@16701242'
2022-01-08 15:47:32.852  INFO 57012 --- [    Test worker] j.LocalContainerEntityManagerFactoryBean : Initialized JPA EntityManagerFactory for persistence unit 'default'
2022-01-08 15:47:33.407  INFO 57012 --- [    Test worker] o.h.h.i.QueryTranslatorFactoryInitiator  : HHH000397: Using ASTQueryTranslatorFactory
2022-01-08 15:47:33.652  INFO 57012 --- [    Test worker] o.s.s.web.DefaultSecurityFilterChain     : Creating filter chain: any request, [org.springframework.security.web.context.request.async.WebAsyncManagerIntegrationFilter@1cc01bc2, org.springframework.security.web.context.SecurityContextPersistenceFilter@36e8aed1, org.springframework.security.web.header.HeaderWriterFilter@55b6fd2b, org.springframework.security.web.authentication.logout.LogoutFilter@6bb20dc7, org.springframework.security.oauth2.client.web.OAuth2AuthorizationRequestRedirectFilter@355b9b9e, org.springframework.security.oauth2.client.web.OAuth2LoginAuthenticationFilter@509cde09, org.springframework.security.web.authentication.ui.DefaultLoginPageGeneratingFilter@185fb63b, org.springframework.security.web.authentication.ui.DefaultLogoutPageGeneratingFilter@640b26c2, org.springframework.security.web.savedrequest.RequestCacheAwareFilter@d99c5b3, org.springframework.security.web.servletapi.SecurityContextHolderAwareRequestFilter@6fa42e8e, org.springframework.security.web.authentication.AnonymousAuthenticationFilter@de5c6b6, org.springframework.security.web.session.SessionManagementFilter@6142c9c8, org.springframework.security.web.access.ExceptionTranslationFilter@28f26718, org.springframework.security.web.access.intercept.FilterSecurityInterceptor@219b2515]
2022-01-08 15:47:34.656  INFO 57012 --- [    Test worker] o.s.s.concurrent.ThreadPoolTaskExecutor  : Initializing ExecutorService 'applicationTaskExecutor'
2022-01-08 15:47:34.675  WARN 57012 --- [    Test worker] aWebConfiguration$JpaWebMvcConfiguration : spring.jpa.open-in-view is enabled by default. Therefore, database queries may be performed during view rendering. Explicitly configure spring.jpa.open-in-view to disable this warning
2022-01-08 15:47:34.767  INFO 57012 --- [    Test worker] o.s.b.a.w.s.WelcomePageHandlerMapping    : Adding welcome page template: index
2022-01-08 15:47:35.639  INFO 57012 --- [    Test worker] s.a.ScheduledAnnotationBeanPostProcessor : No TaskScheduler/ScheduledExecutorService bean found for scheduled processing
2022-01-08 15:47:35.689  INFO 57012 --- [    Test worker] o.s.b.w.embedded.tomcat.TomcatWebServer  : Tomcat started on port(s): 5216 (http) with context path ''
2022-01-08 15:47:35.690  INFO 57012 --- [    Test worker] c.j.b.s.web.IndexControllerTest          : Started IndexControllerTest in 5.557 seconds (JVM running for 28.198)
2022-01-08 15:47:35.893  INFO 57012 --- [o-auto-1-exec-1] o.a.c.c.C.[Tomcat].[localhost].[/]       : Initializing Spring DispatcherServlet 'dispatcherServlet'
2022-01-08 15:47:35.894  INFO 57012 --- [o-auto-1-exec-1] o.s.web.servlet.DispatcherServlet        : Initializing Servlet 'dispatcherServlet'
2022-01-08 15:47:35.925  INFO 57012 --- [o-auto-1-exec-1] o.s.web.servlet.DispatcherServlet        : Completed initialization in 31 ms
Hibernate: select posts0_.id as id1_0_, posts0_.created_date as created_2_0_, posts0_.modified_date as modified3_0_, posts0_.author as author4_0_, posts0_.content as content5_0_, posts0_.title as title6_0_ from posts posts0_ order by posts0_.id DESC
]]></system-out>
  <system-err><![CDATA[]]></system-err>
</testsuite>
