<?xml version="1.0" encoding="UTF-8"?>
<testsuite name="com.jojoldu.book.springboot.web.domain.posts.PostsRepositoryTest" tests="2" skipped="0" failures="0" errors="0" timestamp="2021-12-28T12:43:57" hostname="DESKTOP-J53CL1C" time="0.23">
  <properties/>
  <testcase name="게시글저장_불러오기" classname="com.jojoldu.book.springboot.web.domain.posts.PostsRepositoryTest" time="0.204"/>
  <testcase name="BaseTimeEntity_등록" classname="com.jojoldu.book.springboot.web.domain.posts.PostsRepositoryTest" time="0.025"/>
  <system-out><![CDATA[2021-12-28 21:43:53.713  INFO 25464 --- [    Test worker] .b.t.c.SpringBootTestContextBootstrapper : Neither @ContextConfiguration nor @ContextHierarchy found for test class [com.jojoldu.book.springboot.web.domain.posts.PostsRepositoryTest], using SpringBootContextLoader
2021-12-28 21:43:53.718  INFO 25464 --- [    Test worker] o.s.t.c.support.AbstractContextLoader    : Could not detect default resource locations for test class [com.jojoldu.book.springboot.web.domain.posts.PostsRepositoryTest]: no resource found for suffixes {-context.xml, Context.groovy}.
2021-12-28 21:43:53.718  INFO 25464 --- [    Test worker] t.c.s.AnnotationConfigContextLoaderUtils : Could not detect default configuration classes for test class [com.jojoldu.book.springboot.web.domain.posts.PostsRepositoryTest]: PostsRepositoryTest does not declare any static, non-private, non-final, nested classes annotated with @Configuration.
2021-12-28 21:43:53.775  INFO 25464 --- [    Test worker] .b.t.c.SpringBootTestContextBootstrapper : Found @SpringBootConfiguration com.jojoldu.book.springboot.Application for test class com.jojoldu.book.springboot.web.domain.posts.PostsRepositoryTest
2021-12-28 21:43:53.778  INFO 25464 --- [    Test worker] .b.t.c.SpringBootTestContextBootstrapper : Loaded default TestExecutionListener class names from location [META-INF/spring.factories]: [org.springframework.boot.test.autoconfigure.restdocs.RestDocsTestExecutionListener, org.springframework.boot.test.autoconfigure.web.client.MockRestServiceServerResetTestExecutionListener, org.springframework.boot.test.autoconfigure.web.servlet.MockMvcPrintOnlyOnFailureTestExecutionListener, org.springframework.boot.test.autoconfigure.web.servlet.WebDriverTestExecutionListener, org.springframework.boot.test.mock.mockito.MockitoTestExecutionListener, org.springframework.boot.test.mock.mockito.ResetMocksTestExecutionListener, org.springframework.test.context.web.ServletTestExecutionListener, org.springframework.test.context.support.DirtiesContextBeforeModesTestExecutionListener, org.springframework.test.context.support.DependencyInjectionTestExecutionListener, org.springframework.test.context.support.DirtiesContextTestExecutionListener, org.springframework.test.context.transaction.TransactionalTestExecutionListener, org.springframework.test.context.jdbc.SqlScriptsTestExecutionListener]
2021-12-28 21:43:53.779  INFO 25464 --- [    Test worker] .b.t.c.SpringBootTestContextBootstrapper : Using TestExecutionListeners: [org.springframework.test.context.web.ServletTestExecutionListener@580d8532, org.springframework.test.context.support.DirtiesContextBeforeModesTestExecutionListener@2a0ca01b, org.springframework.boot.test.mock.mockito.MockitoTestExecutionListener@2a75b439, org.springframework.boot.test.autoconfigure.SpringBootDependencyInjectionTestExecutionListener@7cf758f9, org.springframework.test.context.support.DirtiesContextTestExecutionListener@48e77640, org.springframework.test.context.transaction.TransactionalTestExecutionListener@7241b3f, org.springframework.test.context.jdbc.SqlScriptsTestExecutionListener@f7b39e, org.springframework.boot.test.autoconfigure.restdocs.RestDocsTestExecutionListener@468113e9, org.springframework.boot.test.autoconfigure.web.client.MockRestServiceServerResetTestExecutionListener@3527380f, org.springframework.boot.test.autoconfigure.web.servlet.MockMvcPrintOnlyOnFailureTestExecutionListener@12fd3077, org.springframework.boot.test.autoconfigure.web.servlet.WebDriverTestExecutionListener@2f2b0af5, org.springframework.boot.test.mock.mockito.ResetMocksTestExecutionListener@617b4aa2]

  .   ____          _            __ _ _
 /\\ / ___'_ __ _ _(_)_ __  __ _ \ \ \ \
( ( )\___ | '_ | '_| | '_ \/ _` | \ \ \ \
 \\/  ___)| |_)| | | | | || (_| |  ) ) ) )
  '  |____| .__|_| |_|_| |_\__, | / / / /
 =========|_|==============|___/=/_/_/_/
 :: Spring Boot ::        (v2.1.7.RELEASE)

2021-12-28 21:43:53.877  INFO 25464 --- [    Test worker] c.j.b.s.w.d.posts.PostsRepositoryTest    : Starting PostsRepositoryTest on DESKTOP-J53CL1C with PID 25464 (started by yhmsm in C:\Users\yhmsm\workspace\spring\freelec-springboot2-webservice)
2021-12-28 21:43:53.878  INFO 25464 --- [    Test worker] c.j.b.s.w.d.posts.PostsRepositoryTest    : The following profiles are active: oauth
2021-12-28 21:43:55.095  INFO 25464 --- [    Test worker] .s.d.r.c.RepositoryConfigurationDelegate : Bootstrapping Spring Data repositories in DEFAULT mode.
2021-12-28 21:43:55.132  INFO 25464 --- [    Test worker] .s.d.r.c.RepositoryConfigurationDelegate : Finished Spring Data repository scanning in 37ms. Found 2 repository interfaces.
2021-12-28 21:43:55.269  INFO 25464 --- [    Test worker] trationDelegate$BeanPostProcessorChecker : Bean 'org.springframework.transaction.annotation.ProxyTransactionManagementConfiguration' of type [org.springframework.transaction.annotation.ProxyTransactionManagementConfiguration$$EnhancerBySpringCGLIB$$dcddf4ff] is not eligible for getting processed by all BeanPostProcessors (for example: not eligible for auto-proxying)
2021-12-28 21:43:55.391  INFO 25464 --- [    Test worker] com.zaxxer.hikari.HikariDataSource       : HikariPool-2 - Starting...
2021-12-28 21:43:55.393  INFO 25464 --- [    Test worker] com.zaxxer.hikari.HikariDataSource       : HikariPool-2 - Start completed.
2021-12-28 21:43:55.430  INFO 25464 --- [    Test worker] o.hibernate.jpa.internal.util.LogHelper  : HHH000204: Processing PersistenceUnitInfo [
	name: default
	...]
2021-12-28 21:43:55.502  INFO 25464 --- [    Test worker] org.hibernate.dialect.Dialect            : HHH000400: Using dialect: org.hibernate.dialect.MySQL5InnoDBDialect
Hibernate: drop table if exists posts
Hibernate: drop table if exists user
Hibernate: create table posts (id bigint not null auto_increment, created_date datetime, modified_date datetime, author varchar(255), content TEXT not null, title varchar(500) not null, primary key (id)) engine=InnoDB
Hibernate: create table user (id bigint not null auto_increment, created_date datetime, modified_date datetime, email varchar(255) not null, name varchar(255) not null, picture varchar(255), role varchar(255) not null, primary key (id)) engine=InnoDB
2021-12-28 21:43:55.584  INFO 25464 --- [    Test worker] o.h.t.schema.internal.SchemaCreatorImpl  : HHH000476: Executing import script 'org.hibernate.tool.schema.internal.exec.ScriptSourceInputNonExistentImpl@2f598bb1'
2021-12-28 21:43:55.584  INFO 25464 --- [    Test worker] j.LocalContainerEntityManagerFactoryBean : Initialized JPA EntityManagerFactory for persistence unit 'default'
2021-12-28 21:43:55.859  INFO 25464 --- [    Test worker] o.h.h.i.QueryTranslatorFactoryInitiator  : HHH000397: Using ASTQueryTranslatorFactory
2021-12-28 21:43:56.099  INFO 25464 --- [    Test worker] o.s.s.web.DefaultSecurityFilterChain     : Creating filter chain: any request, [org.springframework.security.web.context.request.async.WebAsyncManagerIntegrationFilter@2e34eb53, org.springframework.security.web.context.SecurityContextPersistenceFilter@464bf15f, org.springframework.security.web.header.HeaderWriterFilter@19a7fb7d, org.springframework.security.web.authentication.logout.LogoutFilter@546ff4f8, org.springframework.security.oauth2.client.web.OAuth2AuthorizationRequestRedirectFilter@3d8c9e53, org.springframework.security.oauth2.client.web.OAuth2LoginAuthenticationFilter@74f9d7f, org.springframework.security.web.authentication.ui.DefaultLoginPageGeneratingFilter@4db73518, org.springframework.security.web.authentication.ui.DefaultLogoutPageGeneratingFilter@93fd73d, org.springframework.security.web.savedrequest.RequestCacheAwareFilter@44132a6c, org.springframework.security.web.servletapi.SecurityContextHolderAwareRequestFilter@62c94d80, org.springframework.security.web.authentication.AnonymousAuthenticationFilter@5098ae4f, org.springframework.security.web.session.SessionManagementFilter@7f7a1574, org.springframework.security.web.access.ExceptionTranslationFilter@ad11173, org.springframework.security.web.access.intercept.FilterSecurityInterceptor@8c5ed2d]
2021-12-28 21:43:56.558  INFO 25464 --- [    Test worker] o.s.s.concurrent.ThreadPoolTaskExecutor  : Initializing ExecutorService 'applicationTaskExecutor'
2021-12-28 21:43:56.573  WARN 25464 --- [    Test worker] aWebConfiguration$JpaWebMvcConfiguration : spring.jpa.open-in-view is enabled by default. Therefore, database queries may be performed during view rendering. Explicitly configure spring.jpa.open-in-view to disable this warning
2021-12-28 21:43:56.624  INFO 25464 --- [    Test worker] o.s.b.a.w.s.WelcomePageHandlerMapping    : Adding welcome page template: index
2021-12-28 21:43:57.109  INFO 25464 --- [    Test worker] c.j.b.s.w.d.posts.PostsRepositoryTest    : Started PostsRepositoryTest in 3.324 seconds (JVM running for 22.87)
Hibernate: insert into posts (created_date, modified_date, author, content, title) values (?, ?, ?, ?, ?)
Hibernate: select posts0_.id as id1_0_, posts0_.created_date as created_2_0_, posts0_.modified_date as modified3_0_, posts0_.author as author4_0_, posts0_.content as content5_0_, posts0_.title as title6_0_ from posts posts0_
Hibernate: select posts0_.id as id1_0_, posts0_.created_date as created_2_0_, posts0_.modified_date as modified3_0_, posts0_.author as author4_0_, posts0_.content as content5_0_, posts0_.title as title6_0_ from posts posts0_
Hibernate: delete from posts where id=?
Hibernate: insert into posts (created_date, modified_date, author, content, title) values (?, ?, ?, ?, ?)
Hibernate: select posts0_.id as id1_0_, posts0_.created_date as created_2_0_, posts0_.modified_date as modified3_0_, posts0_.author as author4_0_, posts0_.content as content5_0_, posts0_.title as title6_0_ from posts posts0_
>>> createDate= 2021-12-28T21:43:57.338408, modifiedDate= 2021-12-28T21:43:57.338408
Hibernate: select posts0_.id as id1_0_, posts0_.created_date as created_2_0_, posts0_.modified_date as modified3_0_, posts0_.author as author4_0_, posts0_.content as content5_0_, posts0_.title as title6_0_ from posts posts0_
Hibernate: delete from posts where id=?
]]></system-out>
  <system-err><![CDATA[]]></system-err>
</testsuite>
